Watching for file changes with StatReloader
[24/Jul/2025 10:00:20] "GET / HTTP/1.1" 200 33811
[24/Jul/2025 10:00:38] "POST /i18n/setlang/ HTTP/1.1" 302 0
[24/Jul/2025 10:00:38] "GET /fr/ HTTP/1.1" 200 34206
[24/Jul/2025 10:01:02] "POST /i18n/setlang/ HTTP/1.1" 302 0
[24/Jul/2025 10:01:02] "GET /fr/ HTTP/1.1" 200 34206
[24/Jul/2025 10:01:10] "GET /de/ HTTP/1.1" 200 34058
[24/Jul/2025 10:01:22] "GET /de/products/premium-cbd-oil/ HTTP/1.1" 200 28842
[24/Jul/2025 10:01:22] "GET /media/products/21-1_rgiNYhL.avif HTTP/1.1" 304 0
[24/Jul/2025 10:01:50] "POST /i18n/setlang/ HTTP/1.1" 302 0
[24/Jul/2025 10:01:50] "GET /de/products/premium-cbd-oil/ HTTP/1.1" 200 28842
[24/Jul/2025 10:02:04] "POST /i18n/setlang/ HTTP/1.1" 302 0
[24/Jul/2025 10:02:04] "GET /de/products/premium-cbd-oil/ HTTP/1.1" 200 28842
[24/Jul/2025 10:02:19] "POST /i18n/setlang/ HTTP/1.1" 302 0
[24/Jul/2025 10:02:19] "GET /de/products/premium-cbd-oil/ HTTP/1.1" 200 28842
[24/Jul/2025 10:02:26] "GET /es/ HTTP/1.1" 200 34099
[24/Jul/2025 10:02:26] "GET /media/products/CBD-Ice-Rocks.avif HTTP/1.1" 304 0
[24/Jul/2025 10:02:38] "GET /es/products/premium-cbd-oil/ HTTP/1.1" 200 28898
[24/Jul/2025 10:03:21] "POST /i18n/setlang/ HTTP/1.1" 302 0
[24/Jul/2025 10:03:21] "GET /es/products/premium-cbd-oil/ HTTP/1.1" 200 28898
[24/Jul/2025 10:03:21] "GET /media/products/21-1_rgiNYhL.avif HTTP/1.1" 304 0
[24/Jul/2025 10:03:32] "GET /it/products/premium-cbd-oil/ HTTP/1.1" 200 28828
[24/Jul/2025 10:03:41] "GET /da/products/premium-cbd-oil/ HTTP/1.1" 200 28373
[24/Jul/2025 10:03:41] "GET / HTTP/1.1" 200 33811
[24/Jul/2025 10:04:17] "GET / HTTP/1.1" 200 33811
[24/Jul/2025 10:04:29] "GET /da/products/premium-cbd-oil/ HTTP/1.1" 200 28747
[24/Jul/2025 10:04:39] "GET /fi/products/premium-cbd-oil/ HTTP/1.1" 200 28785
[24/Jul/2025 10:05:00] "POST /i18n/setlang/ HTTP/1.1" 302 0
[24/Jul/2025 10:05:00] "GET /fi/products/premium-cbd-oil/ HTTP/1.1" 200 28785
[24/Jul/2025 10:05:07] "GET /es/products/premium-cbd-oil/ HTTP/1.1" 200 28898
[24/Jul/2025 10:05:16] "GET /de/products/premium-cbd-oil/ HTTP/1.1" 200 28842
[24/Jul/2025 10:05:35] "POST /i18n/setlang/ HTTP/1.1" 302 0
[24/Jul/2025 10:05:35] "GET /de/products/premium-cbd-oil/ HTTP/1.1" 200 28842
[24/Jul/2025 10:05:35] "GET /media/products/21-1_rgiNYhL.avif HTTP/1.1" 304 0
[24/Jul/2025 10:05:42] "GET /it/products/premium-cbd-oil/ HTTP/1.1" 200 28828
[24/Jul/2025 10:05:52] "GET /hu/products/premium-cbd-oil/ HTTP/1.1" 200 28814
[24/Jul/2025 10:06:08] "GET / HTTP/1.1" 200 33811
[24/Jul/2025 10:06:12] "POST /i18n/setlang/ HTTP/1.1" 302 0
[24/Jul/2025 10:06:12] "GET /hu/products/premium-cbd-oil/ HTTP/1.1" 200 28814
[24/Jul/2025 10:06:20] "GET /sv/products/premium-cbd-oil/ HTTP/1.1" 200 28784
[24/Jul/2025 10:06:30] "GET /no/products/premium-cbd-oil/ HTTP/1.1" 200 28745
[24/Jul/2025 10:06:39] "GET /ga/products/premium-cbd-oil/ HTTP/1.1" 200 28872
[24/Jul/2025 10:07:23] "GET / HTTP/1.1" 200 33811
[24/Jul/2025 10:07:35] "GET / HTTP/1.1" 200 33811
